<?xml version="1.0" encoding="UTF-8"?>
<testsuite xmlns:xsi="http://www.w3.org/2001/XMLSchema-instance" xsi:noNamespaceSchemaLocation="https://maven.apache.org/surefire/maven-surefire-plugin/xsd/surefire-test-report.xsd" name="demo.domain.OrderTest" time="0" tests="8" errors="0" skipped="0" failures="0">
  <properties>
[...]
</properties>
  <testcase name="setItemName" classname="demo.domain.OrderTest" time="0"/>
  <testcase name="getItemName" classname="demo.domain.OrderTest" time="0"/>
  <testcase name="setQuantity" classname="demo.domain.OrderTest" time="0"/>
  <testcase name="getQuantity" classname="demo.domain.OrderTest" time="0"/>
  <testcase name="getPriceWithTex" classname="demo.domain.OrderTest" time="0"/>
  <testcase name="setPrice" classname="demo.domain.OrderTest" time="0"/>
  <testcase name="getPrice" classname="demo.domain.OrderTest" time="0"/>
  <testcase name="setPriceWithTex" classname="demo.domain.OrderTest" time="0"/>
</testsuite>